[debug] [2023-07-19T16:48:58.106Z] ----------------------------------------------------------------------
[debug] [2023-07-19T16:48:58.109Z] Command:       C:\Program Files\nodejs\node.exe C:\Users\User\AppData\Roaming\npm\node_modules\firebase-tools\lib\bin\firebase.js init
[debug] [2023-07-19T16:48:58.109Z] CLI Version:   12.4.4
[debug] [2023-07-19T16:48:58.110Z] Platform:      win32
[debug] [2023-07-19T16:48:58.110Z] Node Version:  v18.17.0
[debug] [2023-07-19T16:48:58.111Z] Time:          Wed Jul 19 2023 22:18:58 GMT+0530 (India Standard Time)
[debug] [2023-07-19T16:48:58.111Z] ----------------------------------------------------------------------
[debug] 
[debug] [2023-07-19T16:48:58.130Z] > command requires scopes: ["email","openid","https://www.googleapis.com/auth/cloudplatformprojects.readonly","https://www.googleapis.com/auth/firebase","https://www.googleapis.com/auth/cloud-platform"]
[debug] [2023-07-19T16:48:58.131Z] > authorizing via signed-in user (bushradosani40@gmail.com)
[info] 
     ######## #### ########  ######## ########     ###     ######  ########
     ##        ##  ##     ## ##       ##     ##  ##   ##  ##       ##
     ######    ##  ########  ######   ########  #########  ######  ######
     ##        ##  ##    ##  ##       ##     ## ##     ##       ## ##
     ##       #### ##     ## ######## ########  ##     ##  ######  ########

You're about to initialize a Firebase project in this directory:

  C:\Users\User\3D Objects\Desktop\Resume Project\grocery_app\ui

[info] 
=== Project Setup
[info] 
[info] First, let's associate this project directory with a Firebase project.
[info] You can create multiple project aliases by running firebase use --add, 
[info] but for now we'll just set up a default project.
[info] 
[debug] [2023-07-19T16:50:31.723Z] >>> [apiv2][query] GET https://firebase.googleapis.com/v1beta1/projects pageSize=100
[debug] [2023-07-19T16:50:32.949Z] <<< [apiv2][status] GET https://firebase.googleapis.com/v1beta1/projects 200
[debug] [2023-07-19T16:50:32.949Z] <<< [apiv2][body] GET https://firebase.googleapis.com/v1beta1/projects [omitted]
[info] i  Using project grocery-6dffc (Grocery) 
[info] 
=== Hosting Setup
[info] 
[info] Your public directory is the folder (relative to your project directory) that
[info] will contain Hosting assets to be uploaded with firebase deploy. If you
[info] have a build process for your assets, use your build's output directory.
[info] 
